<?xml version="1.0" encoding="UTF-8"?>
<testng-results skipped="0" failed="0" total="2" passed="2">
  <reporter-output>
  </reporter-output>
  <suite name="Default suite" duration-ms="20" started-at="2018-07-23T10:53:41Z" finished-at="2018-07-23T10:53:41Z">
    <groups>
    </groups>
    <test name="Default test" duration-ms="20" started-at="2018-07-23T10:53:41Z" finished-at="2018-07-23T10:53:41Z">
      <class name="waste.Annotations">
        <test-method status="PASS" signature="test9()[pri:0, instance:waste.Annotations@24f60b]" name="test9" is-config="true" duration-ms="10" started-at="2018-07-23T16:23:41Z" finished-at="2018-07-23T16:23:41Z">
          <reporter-output>
          </reporter-output>
        </test-method> <!-- test9 -->
        <test-method status="PASS" signature="test6()[pri:0, instance:waste.Annotations@24f60b]" name="test6" is-config="true" duration-ms="0" started-at="2018-07-23T16:23:41Z" finished-at="2018-07-23T16:23:41Z">
          <reporter-output>
          </reporter-output>
        </test-method> <!-- test6 -->
        <test-method status="PASS" signature="test7()[pri:0, instance:waste.Annotations@24f60b]" name="test7" is-config="true" duration-ms="0" started-at="2018-07-23T16:23:41Z" finished-at="2018-07-23T16:23:41Z">
          <reporter-output>
          </reporter-output>
        </test-method> <!-- test7 -->
        <test-method status="PASS" signature="test2()[pri:0, instance:waste.Annotations@24f60b]" name="test2" is-config="true" duration-ms="1" started-at="2018-07-23T16:23:41Z" finished-at="2018-07-23T16:23:41Z">
          <reporter-output>
          </reporter-output>
        </test-method> <!-- test2 -->
        <test-method status="PASS" signature="test1()[pri:1, instance:waste.Annotations@24f60b]" name="test1" duration-ms="6" started-at="2018-07-23T16:23:41Z" finished-at="2018-07-23T16:23:41Z">
          <reporter-output>
          </reporter-output>
        </test-method> <!-- test1 -->
        <test-method status="PASS" signature="test3()[pri:0, instance:waste.Annotations@24f60b]" name="test3" is-config="true" duration-ms="1" started-at="2018-07-23T16:23:41Z" finished-at="2018-07-23T16:23:41Z">
          <reporter-output>
          </reporter-output>
        </test-method> <!-- test3 -->
        <test-method status="PASS" signature="test2()[pri:0, instance:waste.Annotations@24f60b]" name="test2" is-config="true" duration-ms="0" started-at="2018-07-23T16:23:41Z" finished-at="2018-07-23T16:23:41Z">
          <reporter-output>
          </reporter-output>
        </test-method> <!-- test2 -->
        <test-method status="PASS" signature="test5()[pri:2, instance:waste.Annotations@24f60b]" name="test5" duration-ms="1" started-at="2018-07-23T16:23:41Z" finished-at="2018-07-23T16:23:41Z">
          <reporter-output>
          </reporter-output>
        </test-method> <!-- test5 -->
        <test-method status="PASS" signature="test3()[pri:0, instance:waste.Annotations@24f60b]" name="test3" is-config="true" duration-ms="1" started-at="2018-07-23T16:23:41Z" finished-at="2018-07-23T16:23:41Z">
          <reporter-output>
          </reporter-output>
        </test-method> <!-- test3 -->
        <test-method status="PASS" signature="test8()[pri:0, instance:waste.Annotations@24f60b]" name="test8" is-config="true" duration-ms="0" started-at="2018-07-23T16:23:41Z" finished-at="2018-07-23T16:23:41Z">
          <reporter-output>
          </reporter-output>
        </test-method> <!-- test8 -->
        <test-method status="PASS" signature="test4()[pri:0, instance:waste.Annotations@24f60b]" name="test4" is-config="true" duration-ms="0" started-at="2018-07-23T16:23:41Z" finished-at="2018-07-23T16:23:41Z">
          <reporter-output>
          </reporter-output>
        </test-method> <!-- test4 -->
        <test-method status="PASS" signature="test10()[pri:0, instance:waste.Annotations@24f60b]" name="test10" is-config="true" duration-ms="0" started-at="2018-07-23T16:23:41Z" finished-at="2018-07-23T16:23:41Z">
          <reporter-output>
          </reporter-output>
        </test-method> <!-- test10 -->
      </class> <!-- waste.Annotations -->
    </test> <!-- Default test -->
  </suite> <!-- Default suite -->
</testng-results>
